mode: set
github.com/koss-null/list/linked_list.go:17.40,19.22 2 1
github.com/koss-null/list/linked_list.go:19.22,22.3 2 1
github.com/koss-null/list/linked_list.go:22.8,24.3 1 1
github.com/koss-null/list/linked_list.go:25.2,26.12 2 1
github.com/koss-null/list/linked_list.go:30.41,33.22 2 1
github.com/koss-null/list/linked_list.go:33.22,39.3 4 1
github.com/koss-null/list/linked_list.go:41.2,44.12 4 1
github.com/koss-null/list/linked_list.go:48.44,49.22 1 1
github.com/koss-null/list/linked_list.go:49.22,52.3 2 1
github.com/koss-null/list/linked_list.go:54.2,56.22 3 1
github.com/koss-null/list/linked_list.go:56.22,61.3 3 1
github.com/koss-null/list/linked_list.go:63.2,65.18 3 1
github.com/koss-null/list/linked_list.go:69.45,70.22 1 1
github.com/koss-null/list/linked_list.go:70.22,73.3 2 1
github.com/koss-null/list/linked_list.go:75.2,77.22 3 1
github.com/koss-null/list/linked_list.go:77.22,81.3 3 1
github.com/koss-null/list/linked_list.go:83.2,85.18 3 1
github.com/koss-null/list/linked_list.go:89.40,91.2 1 1
github.com/koss-null/list/linked_list.go:94.40,96.2 1 1
github.com/koss-null/list/linked_list.go:99.35,101.2 1 1
github.com/koss-null/list/linked_list.go:104.37,106.2 1 1
github.com/koss-null/list/linked_list.go:109.50,111.17 2 1
github.com/koss-null/list/linked_list.go:111.17,112.22 1 1
github.com/koss-null/list/linked_list.go:112.22,114.4 1 1
github.com/koss-null/list/linked_list.go:115.3,115.15 1 1
github.com/koss-null/list/linked_list.go:120.48,122.17 2 1
github.com/koss-null/list/linked_list.go:122.17,123.22 1 1
github.com/koss-null/list/linked_list.go:123.22,125.4 1 1
github.com/koss-null/list/linked_list.go:126.3,126.15 1 1
github.com/koss-null/list/linked_list.go:131.30,133.2 1 1
github.com/koss-null/list/linked_list.go:136.38,138.2 1 1
github.com/koss-null/list/linked_list.go:141.38,143.2 1 1
